---
  0 debug pnpm:scope: 
    selected: 1
    workspacePrefix: null
  1 info pnpm: 
    message: "A store server is running. All store manipulations are delegated to it."
    prefix: "/app"
  2 debug pnpm:package-json: 
    initial: 
      name: "hello-express"
      version: "1.0.0"
      description: "Komut İşleyicisi Kullanan bir Discord.js botu"
      main: "node saptify.js"
      scripts: 
        start: "node saptify.js"
      dependencies: 
        chalk: "^4.1.0"
        chance: "^1.1.7"
        common-tags: "^1.8.0"
        db: "^3.3.0"
        discord-giveaways: "^4.4.3"
        discord.js: "^12.5.1"
        dotenv: "^8.2.0"
        express: "^4.17.1"
        figlet: "^1.5.0"
        fs: "^0.0.2"
        isgd: "^1.1.3"
        moment: "^2.29.1"
        moment-duration-format: "^2.3.2"
        ms: "^2.1.3"
        node-superfetch: "^0.1.10"
        os: "^0.1.1"
        parse-ms: "^2.1.0"
        quick.db: "^7.1.2"
        random-puppy: "^1.1.0"
        request: "^2.88.2"
        request-promise-native: "^1.0.9"
        simple-youtube-api: "^5.2.1"
        speedtest-net: "^2.1.1"
        steam-provider: "^0.2.0"
        tcmb-doviz: "^1.0.6"
        weather-js: "^2.0.0"
      engines: 
        node: "12.x"
      repository: 
        url: "https://glitch.com/edit/#!/hello-express"
      license: "MIT"
      keywords: 
        - "node"
        - "glitch"
        - "express"
      readme: "Hira Bota hoşgeldiniz,\nMit lisanslı bir bottur,\nÇalmayın telif hakkı vardır!!!"
      readmeFilename: "README.md"
      gitHead: "973257eea0d688ad35e1f63c0ae9c32a65c85653"
      _id: "hello-express@1.0.0"
    prefix: "/app"
  3 warn pnpm: 
    message: "Moving chalk that was installed by a different package manager to \"node_modules/.ignored"
    prefix: "/app"
  4 error pnpm: 
    message: 
      errno: -39
      code: "ENOTEMPTY"
      syscall: "rename"
      path: "/rbd/pnpm-volume/ab36c1de-3b43-47aa-8182-a69b6340fead/node_modules/chalk"
      dest: "/rbd/pnpm-volume/ab36c1de-3b43-47aa-8182-a69b6340fead/node_modules/.ignored/chalk"
    err: 
      name: "Error"
      message: "ENOTEMPTY: directory not empty, rename '/rbd/pnpm-volume/ab36c1de-3b43-47aa-8182-a69b6340fead/node_modules/chalk' -> '/rbd/pnpm-volume/ab36c1de-3b43-47aa-8182-a69b6340fead/node_modules/.ignored/chalk'"
      code: "ENOTEMPTY"
      stack: "Error: ENOTEMPTY: directory not empty, rename '/rbd/pnpm-volume/ab36c1de-3b43-47aa-8182-a69b6340fead/node_modules/chalk' -> '/rbd/pnpm-volume/ab36c1de-3b43-47aa-8182-a69b6340fead/node_modules/.ignored/chalk'"
